# JRE version: OpenJDK Runtime Environment Temurin-17.0.7+7 (17.0.7+7) (build 17.0.7+7)
# Java VM: OpenJDK 64-Bit Server VM Temurin-17.0.7+7 (17.0.7+7, mixed mode, sharing, tiered, compressed oops, compressed class ptrs, g1 gc, windows-amd64)
GC Precious Log:
 CPUs: 4 total, 4 available
 Memory: 16327M
 Large Page Support: Disabled
 NUMA Support: Disabled
 Compressed Oops: Enabled (Zero based)
 Heap Region Size: 2M
 Heap Min Capacity: 512M
 Heap Initial Capacity: 512M
 Heap Max Capacity: 4072M
 Pre-touch: Disabled
 Parallel Workers: 4
 Concurrent Workers: 1
 Concurrent Refinement Workers: 4
 Periodic GC: Disabled
 String Deduplication is enabled
Heap:
 garbage-first heap   total 524288K, used 127218K [0x0000000701800000, 0x0000000800000000)
  region size 2048K, 18 young (36864K), 1 survivors (2048K)
 Metaspace       used 88802K, committed 89536K, reserved 1179648K
  class space    used 11859K, committed 12224K, reserved 1048576K
GC Heap History (20 events):
Event: 2294.090 GC heap before
{Heap before GC invocations=1218 (full 961):
 garbage-first heap   total 524288K, used 175934K [0x0000000701800000, 0x0000000800000000)
  region size 2048K, 40 young (81920K), 0 survivors (0K)
 Metaspace       used 88644K, committed 89344K, reserved 1179648K
  class space    used 11859K, committed 12224K, reserved 1048576K
}
Event: 2294.093 GC heap after
{Heap after GC invocations=1219 (full 961):
 garbage-first heap   total 524288K, used 94576K [0x0000000701800000, 0x0000000800000000)
  region size 2048K, 1 young (2048K), 1 survivors (2048K)
 Metaspace       used 88644K, committed 89344K, reserved 1179648K
  class space    used 11859K, committed 12224K, reserved 1048576K
}
Event: 2317.746 GC heap before
{Heap before GC invocations=1219 (full 961):
 garbage-first heap   total 524288K, used 174448K [0x0000000701800000, 0x0000000800000000)
  region size 2048K, 40 young (81920K), 1 survivors (2048K)
 Metaspace       used 88676K, committed 89408K, reserved 1179648K
  class space    used 11859K, committed 12224K, reserved 1048576K
}
Event: 2317.748 GC heap after
{Heap after GC invocations=1220 (full 961):
 garbage-first heap   total 524288K, used 94215K [0x0000000701800000, 0x0000000800000000)
  region size 2048K, 1 young (2048K), 1 survivors (2048K)
 Metaspace       used 88676K, committed 89408K, reserved 1179648K
  class space    used 11859K, committed 12224K, reserved 1048576K
}
Event: 2350.379 GC heap before
{Heap before GC invocations=1220 (full 961):
 garbage-first heap   total 524288K, used 174087K [0x0000000701800000, 0x0000000800000000)
  region size 2048K, 40 young (81920K), 1 survivors (2048K)
 Metaspace       used 88698K, committed 89408K, reserved 1179648K
  class space    used 11859K, committed 12224K, reserved 1048576K
}
Event: 2350.381 GC heap after
{Heap after GC invocations=1221 (full 961):
 garbage-first heap   total 524288K, used 94242K [0x0000000701800000, 0x0000000800000000)
  region size 2048K, 1 young (2048K), 1 survivors (2048K)
 Metaspace       used 88698K, committed 89408K, reserved 1179648K
  class space    used 11859K, committed 12224K, reserved 1048576K
}
Event: 2359.160 GC heap before
{Heap before GC invocations=1221 (full 961):
 garbage-first heap   total 524288K, used 174114K [0x0000000701800000, 0x0000000800000000)
  region size 2048K, 40 young (81920K), 1 survivors (2048K)
 Metaspace       used 88698K, committed 89408K, reserved 1179648K
  class space    used 11859K, committed 12224K, reserved 1048576K
}
Event: 2359.163 GC heap after
{Heap after GC invocations=1222 (full 961):
 garbage-first heap   total 524288K, used 94237K [0x0000000701800000, 0x0000000800000000)
  region size 2048K, 1 young (2048K), 1 survivors (2048K)
 Metaspace       used 88698K, committed 89408K, reserved 1179648K
  class space    used 11859K, committed 12224K, reserved 1048576K
}
Event: 2369.520 GC heap before
{Heap before GC invocations=1222 (full 961):
 garbage-first heap   total 524288K, used 174109K [0x0000000701800000, 0x0000000800000000)
  region size 2048K, 40 young (81920K), 1 survivors (2048K)
 Metaspace       used 88703K, committed 89408K, reserved 1179648K
  class space    used 11859K, committed 12224K, reserved 1048576K
}
Event: 2369.522 GC heap after
{Heap after GC invocations=1223 (full 961):
 garbage-first heap   total 524288K, used 94283K [0x0000000701800000, 0x0000000800000000)
  region size 2048K, 1 young (2048K), 1 survivors (2048K)
 Metaspace       used 88703K, committed 89408K, reserved 1179648K
  class space    used 11859K, committed 12224K, reserved 1048576K
}
Event: 2378.713 GC heap before
{Heap before GC invocations=1223 (full 961):
 garbage-first heap   total 524288K, used 174155K [0x0000000701800000, 0x0000000800000000)
  region size 2048K, 40 young (81920K), 1 survivors (2048K)
 Metaspace       used 88705K, committed 89408K, reserved 1179648K
  class space    used 11859K, committed 12224K, reserved 1048576K
}
Event: 2378.715 GC heap after
{Heap after GC invocations=1224 (full 961):
 garbage-first heap   total 524288K, used 94349K [0x0000000701800000, 0x0000000800000000)
  region size 2048K, 1 young (2048K), 1 survivors (2048K)
 Metaspace       used 88705K, committed 89408K, reserved 1179648K
  class space    used 11859K, committed 12224K, reserved 1048576K
}
Event: 2383.571 GC heap before
{Heap before GC invocations=1224 (full 961):
 garbage-first heap   total 524288K, used 174221K [0x0000000701800000, 0x0000000800000000)
  region size 2048K, 40 young (81920K), 1 survivors (2048K)
 Metaspace       used 88709K, committed 89408K, reserved 1179648K
  class space    used 11859K, committed 12224K, reserved 1048576K
}
Event: 2383.573 GC heap after
{Heap after GC invocations=1225 (full 961):
 garbage-first heap   total 524288K, used 94498K [0x0000000701800000, 0x0000000800000000)
  region size 2048K, 1 young (2048K), 1 survivors (2048K)
 Metaspace       used 88709K, committed 89408K, reserved 1179648K
  class space    used 11859K, committed 12224K, reserved 1048576K
}
Event: 2412.410 GC heap before
{Heap before GC invocations=1225 (full 961):
 garbage-first heap   total 524288K, used 174370K [0x0000000701800000, 0x0000000800000000)
  region size 2048K, 41 young (83968K), 1 survivors (2048K)
 Metaspace       used 88712K, committed 89408K, reserved 1179648K
  class space    used 11859K, committed 12224K, reserved 1048576K
}
Event: 2412.412 GC heap after
{Heap after GC invocations=1226 (full 961):
 garbage-first heap   total 524288K, used 94364K [0x0000000701800000, 0x0000000800000000)
  region size 2048K, 1 young (2048K), 1 survivors (2048K)
 Metaspace       used 88712K, committed 89408K, reserved 1179648K
  class space    used 11859K, committed 12224K, reserved 1048576K
}
Event: 2418.432 GC heap before
{Heap before GC invocations=1226 (full 961):
 garbage-first heap   total 524288K, used 174236K [0x0000000701800000, 0x0000000800000000)
  region size 2048K, 40 young (81920K), 1 survivors (2048K)
 Metaspace       used 88779K, committed 89472K, reserved 1179648K
  class space    used 11859K, committed 12224K, reserved 1048576K
}
Event: 2418.434 GC heap after
{Heap after GC invocations=1227 (full 961):
 garbage-first heap   total 524288K, used 94399K [0x0000000701800000, 0x0000000800000000)
  region size 2048K, 1 young (2048K), 1 survivors (2048K)
 Metaspace       used 88779K, committed 89472K, reserved 1179648K
  class space    used 11859K, committed 12224K, reserved 1048576K
}
Event: 2424.293 GC heap before
{Heap before GC invocations=1227 (full 961):
 garbage-first heap   total 524288K, used 174271K [0x0000000701800000, 0x0000000800000000)
  region size 2048K, 40 young (81920K), 1 survivors (2048K)
 Metaspace       used 88794K, committed 89472K, reserved 1179648K
  class space    used 11859K, committed 12224K, reserved 1048576K
}
Event: 2424.295 GC heap after
{Heap after GC invocations=1228 (full 961):
 garbage-first heap   total 524288K, used 94450K [0x0000000701800000, 0x0000000800000000)
  region size 2048K, 1 young (2048K), 1 survivors (2048K)
 Metaspace       used 88794K, committed 89472K, reserved 1179648K
  class space    used 11859K, committed 12224K, reserved 1048576K
}

